<?xml version="1.0" encoding="UTF-8"?>
<testsuite xmlns:xsi="http://www.w3.org/2001/XMLSchema-instance" xsi:noNamespaceSchemaLocation="https://maven.apache.org/surefire/maven-surefire-plugin/xsd/surefire-test-report.xsd" name="TestRunner" time="87.293" tests="32" errors="0" skipped="0" failures="0">
  <properties>
[...]
</properties>
  <testcase name="Given Open &quot;ie&quot; and launch URL" classname="| anand123 | pass123 | ie |" time="0.002"/>
  <testcase name="Given Open &quot;ie&quot; and launch URL" classname="| anand123 | pass123 | ie |" time="0"/>
  <testcase name="When provide  &quot;anand123&quot; and  &quot;pass123&quot;" classname="| anand123 | pass123 | ie |" time="0"/>
  <testcase name="When provide  &quot;anand123&quot; and  &quot;pass123&quot;" classname="| anand123 | pass123 | ie |" time="0"/>
  <testcase name="Then user should be able to access" classname="| anand123 | pass123 | ie |" time="0"/>
  <testcase name="Then user should be able to access" classname="| anand123 | pass123 | ie |" time="0"/>
  <testcase name="| anand123 | pass123 | ie |" classname="| anand123 | pass123 | ie |" time="0"/>
  <testcase name="| anand123 | pass123 | ie |" classname="| anand123 | pass123 | ie |" time="0"/>
  <testcase name="Given Open &quot;ie&quot; and launch URL" classname="| anand456 | pass123 | ie |" time="0"/>
  <testcase name="Given Open &quot;ie&quot; and launch URL" classname="| anand456 | pass123 | ie |" time="0"/>
  <testcase name="When provide  &quot;anand456&quot; and  &quot;pass123&quot;" classname="| anand456 | pass123 | ie |" time="0"/>
  <testcase name="When provide  &quot;anand456&quot; and  &quot;pass123&quot;" classname="| anand456 | pass123 | ie |" time="0"/>
  <testcase name="Then user should be able to access" classname="| anand456 | pass123 | ie |" time="0"/>
  <testcase name="Then user should be able to access" classname="| anand456 | pass123 | ie |" time="0"/>
  <testcase name="| anand456 | pass123 | ie |" classname="| anand456 | pass123 | ie |" time="0.001"/>
  <testcase name="| anand456 | pass123 | ie |" classname="| anand456 | pass123 | ie |" time="0"/>
  <testcase name="Given Open &quot;chrome&quot; and launch URL" classname="| anand123 | pass123 | chrome |" time="0"/>
  <testcase name="Given Open &quot;chrome&quot; and launch URL" classname="| anand123 | pass123 | chrome |" time="0"/>
  <testcase name="When provide  &quot;anand123&quot; and  &quot;pass123&quot;" classname="| anand123 | pass123 | chrome |" time="0"/>
  <testcase name="When provide  &quot;anand123&quot; and  &quot;pass123&quot;" classname="| anand123 | pass123 | chrome |" time="0"/>
  <testcase name="Then user should be able to access" classname="| anand123 | pass123 | chrome |" time="0"/>
  <testcase name="Then user should be able to access" classname="| anand123 | pass123 | chrome |" time="0"/>
  <testcase name="| anand123 | pass123 | chrome |" classname="| anand123 | pass123 | chrome |" time="0"/>
  <testcase name="| anand123 | pass123 | chrome |" classname="| anand123 | pass123 | chrome |" time="0"/>
  <testcase name="Given Open &quot;chrome&quot; and launch URL" classname="| anand456 | pass123 | chrome |" time="0"/>
  <testcase name="Given Open &quot;chrome&quot; and launch URL" classname="| anand456 | pass123 | chrome |" time="0"/>
  <testcase name="When provide  &quot;anand456&quot; and  &quot;pass123&quot;" classname="| anand456 | pass123 | chrome |" time="0.001"/>
  <testcase name="When provide  &quot;anand456&quot; and  &quot;pass123&quot;" classname="| anand456 | pass123 | chrome |" time="0"/>
  <testcase name="Then user should be able to access" classname="| anand456 | pass123 | chrome |" time="0"/>
  <testcase name="Then user should be able to access" classname="| anand456 | pass123 | chrome |" time="0"/>
  <testcase name="| anand456 | pass123 | chrome |" classname="| anand456 | pass123 | chrome |" time="0"/>
  <testcase name="| anand456 | pass123 | chrome |" classname="| anand456 | pass123 | chrome |" time="0.002"/>
</testsuite>